[debug] [2024-11-16T17:30:50.755Z] ----------------------------------------------------------------------
[debug] [2024-11-16T17:30:50.764Z] Command:       C:\Program Files\nodejs\node.exe C:\Users\MONTOYA\AppData\Roaming\npm\node_modules\firebase-tools\lib\bin\firebase.js init hosting
[debug] [2024-11-16T17:30:50.765Z] CLI Version:   13.25.0
[debug] [2024-11-16T17:30:50.766Z] Platform:      win32
[debug] [2024-11-16T17:30:50.766Z] Node Version:  v22.11.0
[debug] [2024-11-16T17:30:50.767Z] Time:          Sat Nov 16 2024 14:30:50 GMT-0300 (hora de verano de Chile)
[debug] [2024-11-16T17:30:50.768Z] ----------------------------------------------------------------------
[debug] 
[debug] [2024-11-16T17:30:50.794Z] > command requires scopes: ["email","openid","https://www.googleapis.com/auth/cloudplatformprojects.readonly","https://www.googleapis.com/auth/firebase","https://www.googleapis.com/auth/cloud-platform"]
[debug] [2024-11-16T17:30:50.795Z] > authorizing via signed-in user (motorolawom@gmail.com)
[info] 
     ######## #### ########  ######## ########     ###     ######  ########
     ##        ##  ##     ## ##       ##     ##  ##   ##  ##       ##
     ######    ##  ########  ######   ########  #########  ######  ######
     ##        ##  ##    ##  ##       ##     ## ##     ##       ## ##
     ##       #### ##     ## ######## ########  ##     ##  ######  ########

You're about to initialize a Firebase project in this directory:

  C:\Users\MONTOYA\elysium

[info] 
=== Project Setup
[info] 
[info] First, let's associate this project directory with a Firebase project.
[info] You can create multiple project aliases by running firebase use --add, 
[info] but for now we'll just set up a default project.
[info] 
[debug] [2024-11-16T17:32:00.239Z] Checked if tokens are valid: true, expires at: 1731781573320
[debug] [2024-11-16T17:32:00.240Z] Checked if tokens are valid: true, expires at: 1731781573320
[debug] [2024-11-16T17:32:00.245Z] >>> [apiv2][query] GET https://firebase.googleapis.com/v1beta1/projects pageSize=100
[debug] [2024-11-16T17:32:00.988Z] <<< [apiv2][status] GET https://firebase.googleapis.com/v1beta1/projects 200
[debug] [2024-11-16T17:32:00.988Z] <<< [apiv2][body] GET https://firebase.googleapis.com/v1beta1/projects [omitted]
[info] i  Using project elysium-7f7ea (Elysium) 
[info] 
=== Hosting Setup
[debug] [2024-11-16T17:32:03.962Z] Checked if tokens are valid: true, expires at: 1731781573320
[debug] [2024-11-16T17:32:03.963Z] Checked if tokens are valid: true, expires at: 1731781573320
[debug] [2024-11-16T17:32:03.964Z] >>> [apiv2][query] GET https://firebase.googleapis.com/v1beta1/projects/elysium-7f7ea [none]
[debug] [2024-11-16T17:32:04.267Z] <<< [apiv2][status] GET https://firebase.googleapis.com/v1beta1/projects/elysium-7f7ea 200
[debug] [2024-11-16T17:32:04.267Z] <<< [apiv2][body] GET https://firebase.googleapis.com/v1beta1/projects/elysium-7f7ea {"projectId":"elysium-7f7ea","projectNumber":"47381932485","displayName":"Elysium","name":"projects/elysium-7f7ea","resources":{"hostingSite":"elysium-7f7ea"},"state":"ACTIVE","etag":"1_39b724e3-7526-4883-8de0-0903d36e9056"}
[info] 
[info] Your public directory is the folder (relative to your project directory) that
[info] will contain Hosting assets to be uploaded with firebase deploy. If you
[info] have a build process for your assets, use your build's output directory.
[info] 
[debug] [2024-11-16T17:33:11.445Z] >>> [apiv2][query] GET https://www.gstatic.com/firebasejs/releases.json [none]
[debug] [2024-11-16T17:33:11.651Z] <<< [apiv2][status] GET https://www.gstatic.com/firebasejs/releases.json 200
[debug] [2024-11-16T17:33:11.652Z] <<< [apiv2][body] GET https://www.gstatic.com/firebasejs/releases.json {"current":{"version":"11.0.2","browserURL":"https://www.gstatic.com/firebasejs/11.0.2/firebase.js","packageURL":"https://www.gstatic.com/firebasejs/11.0.2/firebase.tgz"},"live":{"version":"11.0","browserURL":"https://www.gstatic.com/firebasejs/live/11.0/firebase.js","packageURL":"https://www.gstatic.com/firebasejs/live/11.0/firebase.tgz"},"components":{"analytics":"https://www.gstatic.com/firebasejs/11.0.2/firebase-analytics.js","app":"https://www.gstatic.com/firebasejs/11.0.2/firebase-app.js","app-check":"https://www.gstatic.com/firebasejs/11.0.2/firebase-app-check.js","auth":"https://www.gstatic.com/firebasejs/11.0.2/firebase-auth.js","auth/cordova":"https://www.gstatic.com/firebasejs/11.0.2/firebase-auth/cordova.js","auth/web-extension":"https://www.gstatic.com/firebasejs/11.0.2/firebase-auth/web-extension.js","functions":"https://www.gstatic.com/firebasejs/11.0.2/firebase-functions.js","firestore":"https://www.gstatic.com/firebasejs/11.0.2/firebase-firestore.js","firestore/lite":"https://www.gstatic.com/firebasejs/11.0.2/firebase-firestore/lite.js","installations":"https://www.gstatic.com/firebasejs/11.0.2/firebase-installations.js","storage":"https://www.gstatic.com/firebasejs/11.0.2/firebase-storage.js","performance":"https://www.gstatic.com/firebasejs/11.0.2/firebase-performance.js","remote-config":"https://www.gstatic.com/firebasejs/11.0.2/firebase-remote-config.js","messaging":"https://www.gstatic.com/firebasejs/11.0.2/firebase-messaging.js","messaging/sw":"https://www.gstatic.com/firebasejs/11.0.2/firebase-messaging/sw.js","database":"https://www.gstatic.com/firebasejs/11.0.2/firebase-database.js","vertexai":"https://www.gstatic.com/firebasejs/11.0.2/firebase-vertexai.js","data-connect":"https://www.gstatic.com/firebasejs/11.0.2/firebase-data-connect.js","firestore.memory":"https://www.gstatic.com/firebasejs/11.0.2/firebase-firestore.memory.js"}}
[info] i  public/index.html is unchanged 
[info] 
[info] i  Didn't detect a .git folder. Assuming C:\Users\MONTOYA\elysium is the project root. 
[info] i  Authorizing with GitHub to upload your service account to a GitHub repository's secrets store. 
[info] 
[info] Visit this URL on this device to log in:
[info] https://github.com/login/oauth/authorize?client_id=89cf50f02ac6aaed3484&state=413972093&redirect_uri=http%3A%2F%2Flocalhost%3A9005&scope=read%3Auser%20repo%20public_repo
[info] 
[info] Waiting for authentication...
[debug] [2024-11-16T17:33:12.980Z] >>> [apiv2][query] POST https://github.com/login/oauth/access_token [none]
[debug] [2024-11-16T17:33:12.980Z] >>> [apiv2][body] POST https://github.com/login/oauth/access_token [stream]
[debug] [2024-11-16T17:33:13.446Z] <<< [apiv2][status] POST https://github.com/login/oauth/access_token 200
[debug] [2024-11-16T17:33:13.446Z] <<< [apiv2][body] POST https://github.com/login/oauth/access_token {"access_token":"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","token_type":"bearer","scope":"read:user,repo"}
[debug] [2024-11-16T17:33:13.478Z] >>> [apiv2][query] GET https://api.github.com/user [none]
[debug] [2024-11-16T17:33:14.005Z] <<< [apiv2][status] GET https://api.github.com/user 200
[debug] [2024-11-16T17:33:14.005Z] <<< [apiv2][body] GET https://api.github.com/user {"login":"Harpley13","id":186552580,"node_id":"U_kgDOCx6RBA","avatar_url":"https://avatars.githubusercontent.com/u/186552580?v=4","gravatar_id":"","url":"https://api.github.com/users/Harpley13","html_url":"https://github.com/Harpley13","followers_url":"https://api.github.com/users/Harpley13/followers","following_url":"https://api.github.com/users/Harpley13/following{/other_user}","gists_url":"https://api.github.com/users/Harpley13/gists{/gist_id}","starred_url":"https://api.github.com/users/Harpley13/starred{/owner}{/repo}","subscriptions_url":"https://api.github.com/users/Harpley13/subscriptions","organizations_url":"https://api.github.com/users/Harpley13/orgs","repos_url":"https://api.github.com/users/Harpley13/repos","events_url":"https://api.github.com/users/Harpley13/events{/privacy}","received_events_url":"https://api.github.com/users/Harpley13/received_events","type":"User","user_view_type":"private","site_admin":false,"name":null,"company":null,"blog":"","location":null,"email":null,"hireable":null,"bio":null,"twitter_username":null,"notification_email":null,"public_repos":0,"public_gists":0,"followers":0,"following":0,"created_at":"2024-10-28T07:42:20Z","updated_at":"2024-11-12T03:54:46Z","private_gists":0,"total_private_repos":0,"owned_private_repos":0,"disk_usage":0,"collaborators":0,"two_factor_authentication":false,"plan":{"name":"free","space":976562499,"collaborators":0,"private_repos":10000}}
[info] 
[info] +  Success! Logged into GitHub as Harpley13 
[info] 
[debug] [2024-11-16T17:52:18.176Z] ----------------------------------------------------------------------
[debug] [2024-11-16T17:52:18.185Z] Command:       C:\Program Files\nodejs\node.exe C:\Users\MONTOYA\AppData\Roaming\npm\node_modules\firebase-tools\lib\bin\firebase.js init hosting
[debug] [2024-11-16T17:52:18.186Z] CLI Version:   13.25.0
[debug] [2024-11-16T17:52:18.186Z] Platform:      win32
[debug] [2024-11-16T17:52:18.187Z] Node Version:  v22.11.0
[debug] [2024-11-16T17:52:18.188Z] Time:          Sat Nov 16 2024 14:52:18 GMT-0300 (hora de verano de Chile)
[debug] [2024-11-16T17:52:18.188Z] ----------------------------------------------------------------------
[debug] 
[debug] [2024-11-16T17:52:18.210Z] > command requires scopes: ["email","openid","https://www.googleapis.com/auth/cloudplatformprojects.readonly","https://www.googleapis.com/auth/firebase","https://www.googleapis.com/auth/cloud-platform"]
[debug] [2024-11-16T17:52:18.212Z] > authorizing via signed-in user (motorolawom@gmail.com)
[info] 
     ######## #### ########  ######## ########     ###     ######  ########
     ##        ##  ##     ## ##       ##     ##  ##   ##  ##       ##
     ######    ##  ########  ######   ########  #########  ######  ######
     ##        ##  ##    ##  ##       ##     ## ##     ##       ## ##
     ##       #### ##     ## ######## ########  ##     ##  ######  ########

You're about to initialize a Firebase project in this directory:

  C:\Users\MONTOYA\elysium

[info] 
=== Project Setup
[info] 
[info] First, let's associate this project directory with a Firebase project.
[info] You can create multiple project aliases by running firebase use --add, 
[info] but for now we'll just set up a default project.
[info] 
[debug] [2024-11-16T17:52:26.166Z] Checked if tokens are valid: true, expires at: 1731781573320
[debug] [2024-11-16T17:52:26.167Z] Checked if tokens are valid: true, expires at: 1731781573320
[debug] [2024-11-16T17:52:26.171Z] >>> [apiv2][query] GET https://firebase.googleapis.com/v1beta1/projects pageSize=100
[debug] [2024-11-16T17:52:26.874Z] <<< [apiv2][status] GET https://firebase.googleapis.com/v1beta1/projects 200
[debug] [2024-11-16T17:52:26.874Z] <<< [apiv2][body] GET https://firebase.googleapis.com/v1beta1/projects [omitted]
[info] i  Using project elysium-7f7ea (Elysium) 
[info] 
=== Hosting Setup
[debug] [2024-11-16T17:52:29.770Z] Checked if tokens are valid: true, expires at: 1731781573320
[debug] [2024-11-16T17:52:29.771Z] Checked if tokens are valid: true, expires at: 1731781573320
[debug] [2024-11-16T17:52:29.772Z] >>> [apiv2][query] GET https://firebase.googleapis.com/v1beta1/projects/elysium-7f7ea [none]
[debug] [2024-11-16T17:52:30.044Z] <<< [apiv2][status] GET https://firebase.googleapis.com/v1beta1/projects/elysium-7f7ea 200
[debug] [2024-11-16T17:52:30.045Z] <<< [apiv2][body] GET https://firebase.googleapis.com/v1beta1/projects/elysium-7f7ea {"projectId":"elysium-7f7ea","projectNumber":"47381932485","displayName":"Elysium","name":"projects/elysium-7f7ea","resources":{"hostingSite":"elysium-7f7ea"},"state":"ACTIVE","etag":"1_39b724e3-7526-4883-8de0-0903d36e9056"}
[info] 
[info] Your public directory is the folder (relative to your project directory) that
[info] will contain Hosting assets to be uploaded with firebase deploy. If you
[info] have a build process for your assets, use your build's output directory.
[info] 
[debug] [2024-11-16T17:53:25.799Z] >>> [apiv2][query] GET https://www.gstatic.com/firebasejs/releases.json [none]
[debug] [2024-11-16T17:53:25.874Z] <<< [apiv2][status] GET https://www.gstatic.com/firebasejs/releases.json 200
[debug] [2024-11-16T17:53:25.875Z] <<< [apiv2][body] GET https://www.gstatic.com/firebasejs/releases.json {"current":{"version":"11.0.2","browserURL":"https://www.gstatic.com/firebasejs/11.0.2/firebase.js","packageURL":"https://www.gstatic.com/firebasejs/11.0.2/firebase.tgz"},"live":{"version":"11.0","browserURL":"https://www.gstatic.com/firebasejs/live/11.0/firebase.js","packageURL":"https://www.gstatic.com/firebasejs/live/11.0/firebase.tgz"},"components":{"analytics":"https://www.gstatic.com/firebasejs/11.0.2/firebase-analytics.js","app":"https://www.gstatic.com/firebasejs/11.0.2/firebase-app.js","app-check":"https://www.gstatic.com/firebasejs/11.0.2/firebase-app-check.js","auth":"https://www.gstatic.com/firebasejs/11.0.2/firebase-auth.js","auth/cordova":"https://www.gstatic.com/firebasejs/11.0.2/firebase-auth/cordova.js","auth/web-extension":"https://www.gstatic.com/firebasejs/11.0.2/firebase-auth/web-extension.js","functions":"https://www.gstatic.com/firebasejs/11.0.2/firebase-functions.js","firestore":"https://www.gstatic.com/firebasejs/11.0.2/firebase-firestore.js","firestore/lite":"https://www.gstatic.com/firebasejs/11.0.2/firebase-firestore/lite.js","installations":"https://www.gstatic.com/firebasejs/11.0.2/firebase-installations.js","storage":"https://www.gstatic.com/firebasejs/11.0.2/firebase-storage.js","performance":"https://www.gstatic.com/firebasejs/11.0.2/firebase-performance.js","remote-config":"https://www.gstatic.com/firebasejs/11.0.2/firebase-remote-config.js","messaging":"https://www.gstatic.com/firebasejs/11.0.2/firebase-messaging.js","messaging/sw":"https://www.gstatic.com/firebasejs/11.0.2/firebase-messaging/sw.js","database":"https://www.gstatic.com/firebasejs/11.0.2/firebase-database.js","vertexai":"https://www.gstatic.com/firebasejs/11.0.2/firebase-vertexai.js","data-connect":"https://www.gstatic.com/firebasejs/11.0.2/firebase-data-connect.js","firestore.memory":"https://www.gstatic.com/firebasejs/11.0.2/firebase-firestore.memory.js"}}
[info] +  Wrote public/index.html 
[info] 
[info] i  Didn't detect a .git folder. Assuming C:\Users\MONTOYA\elysium is the project root. 
[info] i  Authorizing with GitHub to upload your service account to a GitHub repository's secrets store. 
[info] 
[info] Visit this URL on this device to log in:
[info] https://github.com/login/oauth/authorize?client_id=89cf50f02ac6aaed3484&state=29082051&redirect_uri=http%3A%2F%2Flocalhost%3A9005&scope=read%3Auser%20repo%20public_repo
[info] 
[info] Waiting for authentication...
[debug] [2024-11-16T17:53:41.893Z] >>> [apiv2][query] POST https://github.com/login/oauth/access_token [none]
[debug] [2024-11-16T17:53:41.894Z] >>> [apiv2][body] POST https://github.com/login/oauth/access_token [stream]
[debug] [2024-11-16T17:53:42.315Z] <<< [apiv2][status] POST https://github.com/login/oauth/access_token 200
[debug] [2024-11-16T17:53:42.316Z] <<< [apiv2][body] POST https://github.com/login/oauth/access_token {"access_token":"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","token_type":"bearer","scope":"read:user,repo"}
[debug] [2024-11-16T17:53:42.349Z] >>> [apiv2][query] GET https://api.github.com/user [none]
[debug] [2024-11-16T17:53:42.938Z] <<< [apiv2][status] GET https://api.github.com/user 200
[debug] [2024-11-16T17:53:42.938Z] <<< [apiv2][body] GET https://api.github.com/user {"login":"Harpley13","id":186552580,"node_id":"U_kgDOCx6RBA","avatar_url":"https://avatars.githubusercontent.com/u/186552580?v=4","gravatar_id":"","url":"https://api.github.com/users/Harpley13","html_url":"https://github.com/Harpley13","followers_url":"https://api.github.com/users/Harpley13/followers","following_url":"https://api.github.com/users/Harpley13/following{/other_user}","gists_url":"https://api.github.com/users/Harpley13/gists{/gist_id}","starred_url":"https://api.github.com/users/Harpley13/starred{/owner}{/repo}","subscriptions_url":"https://api.github.com/users/Harpley13/subscriptions","organizations_url":"https://api.github.com/users/Harpley13/orgs","repos_url":"https://api.github.com/users/Harpley13/repos","events_url":"https://api.github.com/users/Harpley13/events{/privacy}","received_events_url":"https://api.github.com/users/Harpley13/received_events","type":"User","user_view_type":"private","site_admin":false,"name":null,"company":null,"blog":"","location":null,"email":null,"hireable":null,"bio":null,"twitter_username":null,"notification_email":null,"public_repos":0,"public_gists":0,"followers":0,"following":0,"created_at":"2024-10-28T07:42:20Z","updated_at":"2024-11-12T03:54:46Z","private_gists":0,"total_private_repos":0,"owned_private_repos":0,"disk_usage":0,"collaborators":0,"two_factor_authentication":false,"plan":{"name":"free","space":976562499,"collaborators":0,"private_repos":10000}}
[info] 
[info] +  Success! Logged into GitHub as Harpley13 
[info] 
[debug] [2024-11-16T17:57:24.609Z] >>> [apiv2][query] GET https://api.github.com/repos/Harpley/elysium/actions/secrets/public-key type=owner
[debug] [2024-11-16T17:57:25.035Z] <<< [apiv2][status] GET https://api.github.com/repos/Harpley/elysium/actions/secrets/public-key 404
[debug] [2024-11-16T17:57:25.036Z] <<< [apiv2][body] GET https://api.github.com/repos/Harpley/elysium/actions/secrets/public-key {"message":"Not Found","documentation_url":"https://docs.github.com/rest/actions/secrets#get-a-repository-public-key","status":"404"}
[info] 
[info] 
[error] !  The provided authorization cannot be used with this repository. If this repository is in an organization, did you remember to grant access? 
[info] 
[info] i  Action required: Visit this URL to ensure access has been granted to the appropriate organization(s) for the Firebase CLI GitHub OAuth App: 
[info] https://github.com/settings/connections/applications/89cf50f02ac6aaed3484
[info] 
[debug] [2024-11-16T17:58:27.611Z] >>> [apiv2][query] GET https://api.github.com/repos/Harpley13/elysium/actions/secrets/public-key type=owner
[debug] [2024-11-16T17:58:28.027Z] <<< [apiv2][status] GET https://api.github.com/repos/Harpley13/elysium/actions/secrets/public-key 404
[debug] [2024-11-16T17:58:28.028Z] <<< [apiv2][body] GET https://api.github.com/repos/Harpley13/elysium/actions/secrets/public-key {"message":"Not Found","documentation_url":"https://docs.github.com/rest/actions/secrets#get-a-repository-public-key","status":"404"}
[info] 
[info] 
[error] !  The provided authorization cannot be used with this repository. If this repository is in an organization, did you remember to grant access? 
[info] 
[info] i  Action required: Visit this URL to ensure access has been granted to the appropriate organization(s) for the Firebase CLI GitHub OAuth App: 
[info] https://github.com/settings/connections/applications/89cf50f02ac6aaed3484
[info] 
[debug] [2024-11-16T17:58:34.120Z] >>> [apiv2][query] GET https://api.github.com/repos/Harpley13/elysium/actions/secrets/public-key type=owner
[debug] [2024-11-16T17:58:34.538Z] <<< [apiv2][status] GET https://api.github.com/repos/Harpley13/elysium/actions/secrets/public-key 404
[debug] [2024-11-16T17:58:34.538Z] <<< [apiv2][body] GET https://api.github.com/repos/Harpley13/elysium/actions/secrets/public-key {"message":"Not Found","documentation_url":"https://docs.github.com/rest/actions/secrets#get-a-repository-public-key","status":"404"}
[info] 
[info] 
[error] !  The provided authorization cannot be used with this repository. If this repository is in an organization, did you remember to grant access? 
[info] 
[info] i  Action required: Visit this URL to ensure access has been granted to the appropriate organization(s) for the Firebase CLI GitHub OAuth App: 
[info] https://github.com/settings/connections/applications/89cf50f02ac6aaed3484
[info] 
[debug] [2024-11-16T17:59:25.928Z] >>> [apiv2][query] GET https://api.github.com/repos//actions/secrets/public-key type=owner
[debug] [2024-11-16T17:59:26.374Z] <<< [apiv2][status] GET https://api.github.com/repos//actions/secrets/public-key 404
[debug] [2024-11-16T17:59:26.375Z] <<< [apiv2][body] GET https://api.github.com/repos//actions/secrets/public-key {"message":"Not Found","documentation_url":"https://docs.github.com/rest","status":"404"}
[info] 
[info] 
[error] !  The provided authorization cannot be used with this repository. If this repository is in an organization, did you remember to grant access? 
[info] 
[info] i  Action required: Visit this URL to ensure access has been granted to the appropriate organization(s) for the Firebase CLI GitHub OAuth App: 
[info] https://github.com/settings/connections/applications/89cf50f02ac6aaed3484
[info] 
[debug] [2024-11-16T17:59:34.673Z] >>> [apiv2][query] GET https://api.github.com/repos//actions/secrets/public-key type=owner
[debug] [2024-11-16T17:59:35.155Z] <<< [apiv2][status] GET https://api.github.com/repos//actions/secrets/public-key 404
[debug] [2024-11-16T17:59:35.156Z] <<< [apiv2][body] GET https://api.github.com/repos//actions/secrets/public-key {"message":"Not Found","documentation_url":"https://docs.github.com/rest","status":"404"}
[info] 
[info] 
[error] !  The provided authorization cannot be used with this repository. If this repository is in an organization, did you remember to grant access? 
[info] 
[info] i  Action required: Visit this URL to ensure access has been granted to the appropriate organization(s) for the Firebase CLI GitHub OAuth App: 
[info] https://github.com/settings/connections/applications/89cf50f02ac6aaed3484
[info] 
[debug] [2024-11-16T18:00:57.469Z] >>> [apiv2][query] GET https://api.github.com/repos/Harpley13/elysium/actions/secrets/public-key type=owner
[debug] [2024-11-16T18:00:57.964Z] <<< [apiv2][status] GET https://api.github.com/repos/Harpley13/elysium/actions/secrets/public-key 404
[debug] [2024-11-16T18:00:57.964Z] <<< [apiv2][body] GET https://api.github.com/repos/Harpley13/elysium/actions/secrets/public-key {"message":"Not Found","documentation_url":"https://docs.github.com/rest/actions/secrets#get-a-repository-public-key","status":"404"}
[info] 
[info] 
[error] !  The provided authorization cannot be used with this repository. If this repository is in an organization, did you remember to grant access? 
[info] 
[info] i  Action required: Visit this URL to ensure access has been granted to the appropriate organization(s) for the Firebase CLI GitHub OAuth App: 
[info] https://github.com/settings/connections/applications/89cf50f02ac6aaed3484
[info] 
[debug] [2024-11-16T18:04:42.883Z] >>> [apiv2][query] GET https://api.github.com/repos/Harpley13/elysium/actions/secrets/public-key type=owner
[debug] [2024-11-16T18:04:43.316Z] <<< [apiv2][status] GET https://api.github.com/repos/Harpley13/elysium/actions/secrets/public-key 404
[debug] [2024-11-16T18:04:43.317Z] <<< [apiv2][body] GET https://api.github.com/repos/Harpley13/elysium/actions/secrets/public-key {"message":"Not Found","documentation_url":"https://docs.github.com/rest/actions/secrets#get-a-repository-public-key","status":"404"}
[info] 
[info] 
[error] !  The provided authorization cannot be used with this repository. If this repository is in an organization, did you remember to grant access? 
[info] 
[info] i  Action required: Visit this URL to ensure access has been granted to the appropriate organization(s) for the Firebase CLI GitHub OAuth App: 
[info] https://github.com/settings/connections/applications/89cf50f02ac6aaed3484
[info] 
[debug] [2024-11-16T18:05:09.688Z] >>> [apiv2][query] GET https://api.github.com/repos//actions/secrets/public-key type=owner
[debug] [2024-11-16T18:05:10.113Z] <<< [apiv2][status] GET https://api.github.com/repos//actions/secrets/public-key 404
[debug] [2024-11-16T18:05:10.114Z] <<< [apiv2][body] GET https://api.github.com/repos//actions/secrets/public-key {"message":"Not Found","documentation_url":"https://docs.github.com/rest","status":"404"}
[info] 
[info] 
[error] !  The provided authorization cannot be used with this repository. If this repository is in an organization, did you remember to grant access? 
[info] 
[info] i  Action required: Visit this URL to ensure access has been granted to the appropriate organization(s) for the Firebase CLI GitHub OAuth App: 
[info] https://github.com/settings/connections/applications/89cf50f02ac6aaed3484
[info] 
[debug] [2024-11-16T18:06:19.186Z] >>> [apiv2][query] GET https://api.github.com/repos/Harpley13/elysium/actions/secrets/public-key type=owner
[debug] [2024-11-16T18:06:19.978Z] <<< [apiv2][status] GET https://api.github.com/repos/Harpley13/elysium/actions/secrets/public-key 404
[debug] [2024-11-16T18:06:19.979Z] <<< [apiv2][body] GET https://api.github.com/repos/Harpley13/elysium/actions/secrets/public-key {"message":"Not Found","documentation_url":"https://docs.github.com/rest/actions/secrets#get-a-repository-public-key","status":"404"}
[info] 
[info] 
[error] !  The provided authorization cannot be used with this repository. If this repository is in an organization, did you remember to grant access? 
[info] 
[info] i  Action required: Visit this URL to ensure access has been granted to the appropriate organization(s) for the Firebase CLI GitHub OAuth App: 
[info] https://github.com/settings/connections/applications/89cf50f02ac6aaed3484
[info] 
